CRITICAL - 2024-05-28 08:44:57 --> Undefined array key 0
in APPPATH\Views\layout\navbar.php on line 22.
 1 APPPATH\Views\layout\navbar.php(22): CodeIgniter\Debug\Exceptions->errorHandler(2, 'Undefined array key 0', 'C:\\xampp\\htdocs\\krajca\\obce\\app\\Views\\layout\\navbar.php', 22)
 2 SYSTEMPATH\View\View.php(226): include('C:\\xampp\\htdocs\\krajca\\obce\\app\\Views\\layout\\navbar.php')
 3 SYSTEMPATH\View\View.php(229): CodeIgniter\View\View->CodeIgniter\View\{closure}()
 4 SYSTEMPATH\View\View.php(467): CodeIgniter\View\View->render('layout/navbar', null, true)
 5 APPPATH\Views\layout\layout.php(10): CodeIgniter\View\View->include('layout/navbar')
 6 SYSTEMPATH\View\View.php(226): include('C:\\xampp\\htdocs\\krajca\\obce\\app\\Views\\layout\\layout.php')
 7 SYSTEMPATH\View\View.php(229): CodeIgniter\View\View->CodeIgniter\View\{closure}()
 8 SYSTEMPATH\View\View.php(242): CodeIgniter\View\View->render('layout/layout', [], true)
 9 SYSTEMPATH\Common.php(1188): CodeIgniter\View\View->render('zaklad', [], true)
10 APPPATH\Controllers\Main.php(18): view('zaklad', [...])
11 SYSTEMPATH\CodeIgniter.php(919): App\Controllers\Main->index()
12 SYSTEMPATH\CodeIgniter.php(494): CodeIgniter\CodeIgniter->runController(Object(App\Controllers\Main))
13 SYSTEMPATH\CodeIgniter.php(353): CodeIgniter\CodeIgniter->handleRequest(null, Object(Config\Cache), false)
14 FCPATH\index.php(79): CodeIgniter\CodeIgniter->run()
CRITICAL - 2024-05-28 09:03:40 --> Undefined variable $okresy
in APPPATH\Views\layout\navbar.php on line 10.
 1 APPPATH\Views\layout\navbar.php(10): CodeIgniter\Debug\Exceptions->errorHandler(2, 'Undefined variable $okresy', 'C:\\xampp\\htdocs\\krajca\\obce\\app\\Views\\layout\\navbar.php', 10)
 2 SYSTEMPATH\View\View.php(226): include('C:\\xampp\\htdocs\\krajca\\obce\\app\\Views\\layout\\navbar.php')
 3 SYSTEMPATH\View\View.php(229): CodeIgniter\View\View->CodeIgniter\View\{closure}()
 4 SYSTEMPATH\View\View.php(467): CodeIgniter\View\View->render('layout/navbar', null, true)
 5 APPPATH\Views\layout\layout.php(10): CodeIgniter\View\View->include('layout/navbar')
 6 SYSTEMPATH\View\View.php(226): include('C:\\xampp\\htdocs\\krajca\\obce\\app\\Views\\layout\\layout.php')
 7 SYSTEMPATH\View\View.php(229): CodeIgniter\View\View->CodeIgniter\View\{closure}()
 8 SYSTEMPATH\View\View.php(242): CodeIgniter\View\View->render('layout/layout', [], true)
 9 SYSTEMPATH\Common.php(1188): CodeIgniter\View\View->render('zaklad', [], true)
10 APPPATH\Controllers\Main.php(18): view('zaklad', [...])
11 SYSTEMPATH\CodeIgniter.php(919): App\Controllers\Main->index()
12 SYSTEMPATH\CodeIgniter.php(494): CodeIgniter\CodeIgniter->runController(Object(App\Controllers\Main))
13 SYSTEMPATH\CodeIgniter.php(353): CodeIgniter\CodeIgniter->handleRequest(null, Object(Config\Cache), false)
14 FCPATH\index.php(79): CodeIgniter\CodeIgniter->run()
CRITICAL - 2024-05-28 09:04:23 --> Undefined variable $okresy
in APPPATH\Views\layout\navbar.php on line 10.
 1 APPPATH\Views\layout\navbar.php(10): CodeIgniter\Debug\Exceptions->errorHandler(2, 'Undefined variable $okresy', 'C:\\xampp\\htdocs\\krajca\\obce\\app\\Views\\layout\\navbar.php', 10)
 2 SYSTEMPATH\View\View.php(226): include('C:\\xampp\\htdocs\\krajca\\obce\\app\\Views\\layout\\navbar.php')
 3 SYSTEMPATH\View\View.php(229): CodeIgniter\View\View->CodeIgniter\View\{closure}()
 4 SYSTEMPATH\View\View.php(467): CodeIgniter\View\View->render('layout/navbar', null, true)
 5 APPPATH\Views\layout\layout.php(10): CodeIgniter\View\View->include('layout/navbar')
 6 SYSTEMPATH\View\View.php(226): include('C:\\xampp\\htdocs\\krajca\\obce\\app\\Views\\layout\\layout.php')
 7 SYSTEMPATH\View\View.php(229): CodeIgniter\View\View->CodeIgniter\View\{closure}()
 8 SYSTEMPATH\View\View.php(242): CodeIgniter\View\View->render('layout/layout', [], true)
 9 SYSTEMPATH\Common.php(1188): CodeIgniter\View\View->render('zaklad', [], true)
10 APPPATH\Controllers\Main.php(18): view('zaklad', [...])
11 SYSTEMPATH\CodeIgniter.php(919): App\Controllers\Main->index()
12 SYSTEMPATH\CodeIgniter.php(494): CodeIgniter\CodeIgniter->runController(Object(App\Controllers\Main))
13 SYSTEMPATH\CodeIgniter.php(353): CodeIgniter\CodeIgniter->handleRequest(null, Object(Config\Cache), false)
14 FCPATH\index.php(79): CodeIgniter\CodeIgniter->run()
CRITICAL - 2024-05-28 09:04:23 --> Undefined variable $okresy
in APPPATH\Views\layout\navbar.php on line 10.
 1 APPPATH\Views\layout\navbar.php(10): CodeIgniter\Debug\Exceptions->errorHandler(2, 'Undefined variable $okresy', 'C:\\xampp\\htdocs\\krajca\\obce\\app\\Views\\layout\\navbar.php', 10)
 2 SYSTEMPATH\View\View.php(226): include('C:\\xampp\\htdocs\\krajca\\obce\\app\\Views\\layout\\navbar.php')
 3 SYSTEMPATH\View\View.php(229): CodeIgniter\View\View->CodeIgniter\View\{closure}()
 4 SYSTEMPATH\View\View.php(467): CodeIgniter\View\View->render('layout/navbar', null, true)
 5 APPPATH\Views\layout\layout.php(10): CodeIgniter\View\View->include('layout/navbar')
 6 SYSTEMPATH\View\View.php(226): include('C:\\xampp\\htdocs\\krajca\\obce\\app\\Views\\layout\\layout.php')
 7 SYSTEMPATH\View\View.php(229): CodeIgniter\View\View->CodeIgniter\View\{closure}()
 8 SYSTEMPATH\View\View.php(242): CodeIgniter\View\View->render('layout/layout', [], true)
 9 SYSTEMPATH\Common.php(1188): CodeIgniter\View\View->render('zaklad', [], true)
10 APPPATH\Controllers\Main.php(18): view('zaklad', [...])
11 SYSTEMPATH\CodeIgniter.php(919): App\Controllers\Main->index()
12 SYSTEMPATH\CodeIgniter.php(494): CodeIgniter\CodeIgniter->runController(Object(App\Controllers\Main))
13 SYSTEMPATH\CodeIgniter.php(353): CodeIgniter\CodeIgniter->handleRequest(null, Object(Config\Cache), false)
14 FCPATH\index.php(79): CodeIgniter\CodeIgniter->run()
CRITICAL - 2024-05-28 09:04:24 --> Undefined variable $okresy
in APPPATH\Views\layout\navbar.php on line 10.
 1 APPPATH\Views\layout\navbar.php(10): CodeIgniter\Debug\Exceptions->errorHandler(2, 'Undefined variable $okresy', 'C:\\xampp\\htdocs\\krajca\\obce\\app\\Views\\layout\\navbar.php', 10)
 2 SYSTEMPATH\View\View.php(226): include('C:\\xampp\\htdocs\\krajca\\obce\\app\\Views\\layout\\navbar.php')
 3 SYSTEMPATH\View\View.php(229): CodeIgniter\View\View->CodeIgniter\View\{closure}()
 4 SYSTEMPATH\View\View.php(467): CodeIgniter\View\View->render('layout/navbar', null, true)
 5 APPPATH\Views\layout\layout.php(10): CodeIgniter\View\View->include('layout/navbar')
 6 SYSTEMPATH\View\View.php(226): include('C:\\xampp\\htdocs\\krajca\\obce\\app\\Views\\layout\\layout.php')
 7 SYSTEMPATH\View\View.php(229): CodeIgniter\View\View->CodeIgniter\View\{closure}()
 8 SYSTEMPATH\View\View.php(242): CodeIgniter\View\View->render('layout/layout', [], true)
 9 SYSTEMPATH\Common.php(1188): CodeIgniter\View\View->render('zaklad', [], true)
10 APPPATH\Controllers\Main.php(18): view('zaklad', [...])
11 SYSTEMPATH\CodeIgniter.php(919): App\Controllers\Main->index()
12 SYSTEMPATH\CodeIgniter.php(494): CodeIgniter\CodeIgniter->runController(Object(App\Controllers\Main))
13 SYSTEMPATH\CodeIgniter.php(353): CodeIgniter\CodeIgniter->handleRequest(null, Object(Config\Cache), false)
14 FCPATH\index.php(79): CodeIgniter\CodeIgniter->run()
CRITICAL - 2024-05-28 09:04:24 --> Undefined variable $okresy
in APPPATH\Views\layout\navbar.php on line 10.
 1 APPPATH\Views\layout\navbar.php(10): CodeIgniter\Debug\Exceptions->errorHandler(2, 'Undefined variable $okresy', 'C:\\xampp\\htdocs\\krajca\\obce\\app\\Views\\layout\\navbar.php', 10)
 2 SYSTEMPATH\View\View.php(226): include('C:\\xampp\\htdocs\\krajca\\obce\\app\\Views\\layout\\navbar.php')
 3 SYSTEMPATH\View\View.php(229): CodeIgniter\View\View->CodeIgniter\View\{closure}()
 4 SYSTEMPATH\View\View.php(467): CodeIgniter\View\View->render('layout/navbar', null, true)
 5 APPPATH\Views\layout\layout.php(10): CodeIgniter\View\View->include('layout/navbar')
 6 SYSTEMPATH\View\View.php(226): include('C:\\xampp\\htdocs\\krajca\\obce\\app\\Views\\layout\\layout.php')
 7 SYSTEMPATH\View\View.php(229): CodeIgniter\View\View->CodeIgniter\View\{closure}()
 8 SYSTEMPATH\View\View.php(242): CodeIgniter\View\View->render('layout/layout', [], true)
 9 SYSTEMPATH\Common.php(1188): CodeIgniter\View\View->render('zaklad', [], true)
10 APPPATH\Controllers\Main.php(18): view('zaklad', [...])
11 SYSTEMPATH\CodeIgniter.php(919): App\Controllers\Main->index()
12 SYSTEMPATH\CodeIgniter.php(494): CodeIgniter\CodeIgniter->runController(Object(App\Controllers\Main))
13 SYSTEMPATH\CodeIgniter.php(353): CodeIgniter\CodeIgniter->handleRequest(null, Object(Config\Cache), false)
14 FCPATH\index.php(79): CodeIgniter\CodeIgniter->run()
CRITICAL - 2024-05-28 09:04:24 --> Undefined variable $okresy
in APPPATH\Views\layout\navbar.php on line 10.
 1 APPPATH\Views\layout\navbar.php(10): CodeIgniter\Debug\Exceptions->errorHandler(2, 'Undefined variable $okresy', 'C:\\xampp\\htdocs\\krajca\\obce\\app\\Views\\layout\\navbar.php', 10)
 2 SYSTEMPATH\View\View.php(226): include('C:\\xampp\\htdocs\\krajca\\obce\\app\\Views\\layout\\navbar.php')
 3 SYSTEMPATH\View\View.php(229): CodeIgniter\View\View->CodeIgniter\View\{closure}()
 4 SYSTEMPATH\View\View.php(467): CodeIgniter\View\View->render('layout/navbar', null, true)
 5 APPPATH\Views\layout\layout.php(10): CodeIgniter\View\View->include('layout/navbar')
 6 SYSTEMPATH\View\View.php(226): include('C:\\xampp\\htdocs\\krajca\\obce\\app\\Views\\layout\\layout.php')
 7 SYSTEMPATH\View\View.php(229): CodeIgniter\View\View->CodeIgniter\View\{closure}()
 8 SYSTEMPATH\View\View.php(242): CodeIgniter\View\View->render('layout/layout', [], true)
 9 SYSTEMPATH\Common.php(1188): CodeIgniter\View\View->render('zaklad', [], true)
10 APPPATH\Controllers\Main.php(18): view('zaklad', [...])
11 SYSTEMPATH\CodeIgniter.php(919): App\Controllers\Main->index()
12 SYSTEMPATH\CodeIgniter.php(494): CodeIgniter\CodeIgniter->runController(Object(App\Controllers\Main))
13 SYSTEMPATH\CodeIgniter.php(353): CodeIgniter\CodeIgniter->handleRequest(null, Object(Config\Cache), false)
14 FCPATH\index.php(79): CodeIgniter\CodeIgniter->run()
CRITICAL - 2024-05-28 09:04:24 --> Undefined variable $okresy
in APPPATH\Views\layout\navbar.php on line 10.
 1 APPPATH\Views\layout\navbar.php(10): CodeIgniter\Debug\Exceptions->errorHandler(2, 'Undefined variable $okresy', 'C:\\xampp\\htdocs\\krajca\\obce\\app\\Views\\layout\\navbar.php', 10)
 2 SYSTEMPATH\View\View.php(226): include('C:\\xampp\\htdocs\\krajca\\obce\\app\\Views\\layout\\navbar.php')
 3 SYSTEMPATH\View\View.php(229): CodeIgniter\View\View->CodeIgniter\View\{closure}()
 4 SYSTEMPATH\View\View.php(467): CodeIgniter\View\View->render('layout/navbar', null, true)
 5 APPPATH\Views\layout\layout.php(10): CodeIgniter\View\View->include('layout/navbar')
 6 SYSTEMPATH\View\View.php(226): include('C:\\xampp\\htdocs\\krajca\\obce\\app\\Views\\layout\\layout.php')
 7 SYSTEMPATH\View\View.php(229): CodeIgniter\View\View->CodeIgniter\View\{closure}()
 8 SYSTEMPATH\View\View.php(242): CodeIgniter\View\View->render('layout/layout', [], true)
 9 SYSTEMPATH\Common.php(1188): CodeIgniter\View\View->render('zaklad', [], true)
10 APPPATH\Controllers\Main.php(18): view('zaklad', [...])
11 SYSTEMPATH\CodeIgniter.php(919): App\Controllers\Main->index()
12 SYSTEMPATH\CodeIgniter.php(494): CodeIgniter\CodeIgniter->runController(Object(App\Controllers\Main))
13 SYSTEMPATH\CodeIgniter.php(353): CodeIgniter\CodeIgniter->handleRequest(null, Object(Config\Cache), false)
14 FCPATH\index.php(79): CodeIgniter\CodeIgniter->run()
CRITICAL - 2024-05-28 09:04:24 --> Undefined variable $okresy
in APPPATH\Views\layout\navbar.php on line 10.
 1 APPPATH\Views\layout\navbar.php(10): CodeIgniter\Debug\Exceptions->errorHandler(2, 'Undefined variable $okresy', 'C:\\xampp\\htdocs\\krajca\\obce\\app\\Views\\layout\\navbar.php', 10)
 2 SYSTEMPATH\View\View.php(226): include('C:\\xampp\\htdocs\\krajca\\obce\\app\\Views\\layout\\navbar.php')
 3 SYSTEMPATH\View\View.php(229): CodeIgniter\View\View->CodeIgniter\View\{closure}()
 4 SYSTEMPATH\View\View.php(467): CodeIgniter\View\View->render('layout/navbar', null, true)
 5 APPPATH\Views\layout\layout.php(10): CodeIgniter\View\View->include('layout/navbar')
 6 SYSTEMPATH\View\View.php(226): include('C:\\xampp\\htdocs\\krajca\\obce\\app\\Views\\layout\\layout.php')
 7 SYSTEMPATH\View\View.php(229): CodeIgniter\View\View->CodeIgniter\View\{closure}()
 8 SYSTEMPATH\View\View.php(242): CodeIgniter\View\View->render('layout/layout', [], true)
 9 SYSTEMPATH\Common.php(1188): CodeIgniter\View\View->render('zaklad', [], true)
10 APPPATH\Controllers\Main.php(18): view('zaklad', [...])
11 SYSTEMPATH\CodeIgniter.php(919): App\Controllers\Main->index()
12 SYSTEMPATH\CodeIgniter.php(494): CodeIgniter\CodeIgniter->runController(Object(App\Controllers\Main))
13 SYSTEMPATH\CodeIgniter.php(353): CodeIgniter\CodeIgniter->handleRequest(null, Object(Config\Cache), false)
14 FCPATH\index.php(79): CodeIgniter\CodeIgniter->run()
CRITICAL - 2024-05-28 09:04:25 --> Undefined variable $okresy
in APPPATH\Views\layout\navbar.php on line 10.
 1 APPPATH\Views\layout\navbar.php(10): CodeIgniter\Debug\Exceptions->errorHandler(2, 'Undefined variable $okresy', 'C:\\xampp\\htdocs\\krajca\\obce\\app\\Views\\layout\\navbar.php', 10)
 2 SYSTEMPATH\View\View.php(226): include('C:\\xampp\\htdocs\\krajca\\obce\\app\\Views\\layout\\navbar.php')
 3 SYSTEMPATH\View\View.php(229): CodeIgniter\View\View->CodeIgniter\View\{closure}()
 4 SYSTEMPATH\View\View.php(467): CodeIgniter\View\View->render('layout/navbar', null, true)
 5 APPPATH\Views\layout\layout.php(10): CodeIgniter\View\View->include('layout/navbar')
 6 SYSTEMPATH\View\View.php(226): include('C:\\xampp\\htdocs\\krajca\\obce\\app\\Views\\layout\\layout.php')
 7 SYSTEMPATH\View\View.php(229): CodeIgniter\View\View->CodeIgniter\View\{closure}()
 8 SYSTEMPATH\View\View.php(242): CodeIgniter\View\View->render('layout/layout', [], true)
 9 SYSTEMPATH\Common.php(1188): CodeIgniter\View\View->render('zaklad', [], true)
10 APPPATH\Controllers\Main.php(18): view('zaklad', [...])
11 SYSTEMPATH\CodeIgniter.php(919): App\Controllers\Main->index()
12 SYSTEMPATH\CodeIgniter.php(494): CodeIgniter\CodeIgniter->runController(Object(App\Controllers\Main))
13 SYSTEMPATH\CodeIgniter.php(353): CodeIgniter\CodeIgniter->handleRequest(null, Object(Config\Cache), false)
14 FCPATH\index.php(79): CodeIgniter\CodeIgniter->run()
CRITICAL - 2024-05-28 09:04:25 --> Undefined variable $okresy
in APPPATH\Views\layout\navbar.php on line 10.
 1 APPPATH\Views\layout\navbar.php(10): CodeIgniter\Debug\Exceptions->errorHandler(2, 'Undefined variable $okresy', 'C:\\xampp\\htdocs\\krajca\\obce\\app\\Views\\layout\\navbar.php', 10)
 2 SYSTEMPATH\View\View.php(226): include('C:\\xampp\\htdocs\\krajca\\obce\\app\\Views\\layout\\navbar.php')
 3 SYSTEMPATH\View\View.php(229): CodeIgniter\View\View->CodeIgniter\View\{closure}()
 4 SYSTEMPATH\View\View.php(467): CodeIgniter\View\View->render('layout/navbar', null, true)
 5 APPPATH\Views\layout\layout.php(10): CodeIgniter\View\View->include('layout/navbar')
 6 SYSTEMPATH\View\View.php(226): include('C:\\xampp\\htdocs\\krajca\\obce\\app\\Views\\layout\\layout.php')
 7 SYSTEMPATH\View\View.php(229): CodeIgniter\View\View->CodeIgniter\View\{closure}()
 8 SYSTEMPATH\View\View.php(242): CodeIgniter\View\View->render('layout/layout', [], true)
 9 SYSTEMPATH\Common.php(1188): CodeIgniter\View\View->render('zaklad', [], true)
10 APPPATH\Controllers\Main.php(18): view('zaklad', [...])
11 SYSTEMPATH\CodeIgniter.php(919): App\Controllers\Main->index()
12 SYSTEMPATH\CodeIgniter.php(494): CodeIgniter\CodeIgniter->runController(Object(App\Controllers\Main))
13 SYSTEMPATH\CodeIgniter.php(353): CodeIgniter\CodeIgniter->handleRequest(null, Object(Config\Cache), false)
14 FCPATH\index.php(79): CodeIgniter\CodeIgniter->run()
CRITICAL - 2024-05-28 09:04:25 --> Undefined variable $okresy
in APPPATH\Views\layout\navbar.php on line 10.
 1 APPPATH\Views\layout\navbar.php(10): CodeIgniter\Debug\Exceptions->errorHandler(2, 'Undefined variable $okresy', 'C:\\xampp\\htdocs\\krajca\\obce\\app\\Views\\layout\\navbar.php', 10)
 2 SYSTEMPATH\View\View.php(226): include('C:\\xampp\\htdocs\\krajca\\obce\\app\\Views\\layout\\navbar.php')
 3 SYSTEMPATH\View\View.php(229): CodeIgniter\View\View->CodeIgniter\View\{closure}()
 4 SYSTEMPATH\View\View.php(467): CodeIgniter\View\View->render('layout/navbar', null, true)
 5 APPPATH\Views\layout\layout.php(10): CodeIgniter\View\View->include('layout/navbar')
 6 SYSTEMPATH\View\View.php(226): include('C:\\xampp\\htdocs\\krajca\\obce\\app\\Views\\layout\\layout.php')
 7 SYSTEMPATH\View\View.php(229): CodeIgniter\View\View->CodeIgniter\View\{closure}()
 8 SYSTEMPATH\View\View.php(242): CodeIgniter\View\View->render('layout/layout', [], true)
 9 SYSTEMPATH\Common.php(1188): CodeIgniter\View\View->render('zaklad', [], true)
10 APPPATH\Controllers\Main.php(18): view('zaklad', [...])
11 SYSTEMPATH\CodeIgniter.php(919): App\Controllers\Main->index()
12 SYSTEMPATH\CodeIgniter.php(494): CodeIgniter\CodeIgniter->runController(Object(App\Controllers\Main))
13 SYSTEMPATH\CodeIgniter.php(353): CodeIgniter\CodeIgniter->handleRequest(null, Object(Config\Cache), false)
14 FCPATH\index.php(79): CodeIgniter\CodeIgniter->run()
CRITICAL - 2024-05-28 09:04:25 --> Undefined variable $okresy
in APPPATH\Views\layout\navbar.php on line 10.
 1 APPPATH\Views\layout\navbar.php(10): CodeIgniter\Debug\Exceptions->errorHandler(2, 'Undefined variable $okresy', 'C:\\xampp\\htdocs\\krajca\\obce\\app\\Views\\layout\\navbar.php', 10)
 2 SYSTEMPATH\View\View.php(226): include('C:\\xampp\\htdocs\\krajca\\obce\\app\\Views\\layout\\navbar.php')
 3 SYSTEMPATH\View\View.php(229): CodeIgniter\View\View->CodeIgniter\View\{closure}()
 4 SYSTEMPATH\View\View.php(467): CodeIgniter\View\View->render('layout/navbar', null, true)
 5 APPPATH\Views\layout\layout.php(10): CodeIgniter\View\View->include('layout/navbar')
 6 SYSTEMPATH\View\View.php(226): include('C:\\xampp\\htdocs\\krajca\\obce\\app\\Views\\layout\\layout.php')
 7 SYSTEMPATH\View\View.php(229): CodeIgniter\View\View->CodeIgniter\View\{closure}()
 8 SYSTEMPATH\View\View.php(242): CodeIgniter\View\View->render('layout/layout', [], true)
 9 SYSTEMPATH\Common.php(1188): CodeIgniter\View\View->render('zaklad', [], true)
10 APPPATH\Controllers\Main.php(18): view('zaklad', [...])
11 SYSTEMPATH\CodeIgniter.php(919): App\Controllers\Main->index()
12 SYSTEMPATH\CodeIgniter.php(494): CodeIgniter\CodeIgniter->runController(Object(App\Controllers\Main))
13 SYSTEMPATH\CodeIgniter.php(353): CodeIgniter\CodeIgniter->handleRequest(null, Object(Config\Cache), false)
14 FCPATH\index.php(79): CodeIgniter\CodeIgniter->run()
CRITICAL - 2024-05-28 09:07:47 --> Undefined variable $okresy
in APPPATH\Views\layout\navbar.php on line 10.
 1 APPPATH\Views\layout\navbar.php(10): CodeIgniter\Debug\Exceptions->errorHandler(2, 'Undefined variable $okresy', 'C:\\xampp\\htdocs\\krajca\\obce\\app\\Views\\layout\\navbar.php', 10)
 2 SYSTEMPATH\View\View.php(226): include('C:\\xampp\\htdocs\\krajca\\obce\\app\\Views\\layout\\navbar.php')
 3 SYSTEMPATH\View\View.php(229): CodeIgniter\View\View->CodeIgniter\View\{closure}()
 4 SYSTEMPATH\View\View.php(467): CodeIgniter\View\View->render('layout/navbar', null, true)
 5 APPPATH\Views\layout\layout.php(10): CodeIgniter\View\View->include('layout/navbar')
 6 SYSTEMPATH\View\View.php(226): include('C:\\xampp\\htdocs\\krajca\\obce\\app\\Views\\layout\\layout.php')
 7 SYSTEMPATH\View\View.php(229): CodeIgniter\View\View->CodeIgniter\View\{closure}()
 8 SYSTEMPATH\View\View.php(242): CodeIgniter\View\View->render('layout/layout', [], true)
 9 SYSTEMPATH\Common.php(1188): CodeIgniter\View\View->render('zaklad', [], true)
10 APPPATH\Controllers\Main.php(18): view('zaklad', [...])
11 SYSTEMPATH\CodeIgniter.php(919): App\Controllers\Main->index()
12 SYSTEMPATH\CodeIgniter.php(494): CodeIgniter\CodeIgniter->runController(Object(App\Controllers\Main))
13 SYSTEMPATH\CodeIgniter.php(353): CodeIgniter\CodeIgniter->handleRequest(null, Object(Config\Cache), false)
14 FCPATH\index.php(79): CodeIgniter\CodeIgniter->run()
CRITICAL - 2024-05-28 09:07:48 --> Undefined variable $okresy
in APPPATH\Views\layout\navbar.php on line 10.
 1 APPPATH\Views\layout\navbar.php(10): CodeIgniter\Debug\Exceptions->errorHandler(2, 'Undefined variable $okresy', 'C:\\xampp\\htdocs\\krajca\\obce\\app\\Views\\layout\\navbar.php', 10)
 2 SYSTEMPATH\View\View.php(226): include('C:\\xampp\\htdocs\\krajca\\obce\\app\\Views\\layout\\navbar.php')
 3 SYSTEMPATH\View\View.php(229): CodeIgniter\View\View->CodeIgniter\View\{closure}()
 4 SYSTEMPATH\View\View.php(467): CodeIgniter\View\View->render('layout/navbar', null, true)
 5 APPPATH\Views\layout\layout.php(10): CodeIgniter\View\View->include('layout/navbar')
 6 SYSTEMPATH\View\View.php(226): include('C:\\xampp\\htdocs\\krajca\\obce\\app\\Views\\layout\\layout.php')
 7 SYSTEMPATH\View\View.php(229): CodeIgniter\View\View->CodeIgniter\View\{closure}()
 8 SYSTEMPATH\View\View.php(242): CodeIgniter\View\View->render('layout/layout', [], true)
 9 SYSTEMPATH\Common.php(1188): CodeIgniter\View\View->render('zaklad', [], true)
10 APPPATH\Controllers\Main.php(18): view('zaklad', [...])
11 SYSTEMPATH\CodeIgniter.php(919): App\Controllers\Main->index()
12 SYSTEMPATH\CodeIgniter.php(494): CodeIgniter\CodeIgniter->runController(Object(App\Controllers\Main))
13 SYSTEMPATH\CodeIgniter.php(353): CodeIgniter\CodeIgniter->handleRequest(null, Object(Config\Cache), false)
14 FCPATH\index.php(79): CodeIgniter\CodeIgniter->run()
CRITICAL - 2024-05-28 09:08:02 --> Undefined variable $okresy
in APPPATH\Views\layout\navbar.php on line 10.
 1 APPPATH\Views\layout\navbar.php(10): CodeIgniter\Debug\Exceptions->errorHandler(2, 'Undefined variable $okresy', 'C:\\xampp\\htdocs\\krajca\\obce\\app\\Views\\layout\\navbar.php', 10)
 2 SYSTEMPATH\View\View.php(226): include('C:\\xampp\\htdocs\\krajca\\obce\\app\\Views\\layout\\navbar.php')
 3 SYSTEMPATH\View\View.php(229): CodeIgniter\View\View->CodeIgniter\View\{closure}()
 4 SYSTEMPATH\View\View.php(467): CodeIgniter\View\View->render('layout/navbar', null, true)
 5 APPPATH\Views\layout\layout.php(10): CodeIgniter\View\View->include('layout/navbar')
 6 SYSTEMPATH\View\View.php(226): include('C:\\xampp\\htdocs\\krajca\\obce\\app\\Views\\layout\\layout.php')
 7 SYSTEMPATH\View\View.php(229): CodeIgniter\View\View->CodeIgniter\View\{closure}()
 8 SYSTEMPATH\View\View.php(242): CodeIgniter\View\View->render('layout/layout', [], true)
 9 SYSTEMPATH\Common.php(1188): CodeIgniter\View\View->render('zaklad', [], true)
10 APPPATH\Controllers\Main.php(18): view('zaklad', [...])
11 SYSTEMPATH\CodeIgniter.php(919): App\Controllers\Main->index()
12 SYSTEMPATH\CodeIgniter.php(494): CodeIgniter\CodeIgniter->runController(Object(App\Controllers\Main))
13 SYSTEMPATH\CodeIgniter.php(353): CodeIgniter\CodeIgniter->handleRequest(null, Object(Config\Cache), false)
14 FCPATH\index.php(79): CodeIgniter\CodeIgniter->run()
CRITICAL - 2024-05-28 09:08:02 --> Undefined variable $okresy
in APPPATH\Views\layout\navbar.php on line 10.
 1 APPPATH\Views\layout\navbar.php(10): CodeIgniter\Debug\Exceptions->errorHandler(2, 'Undefined variable $okresy', 'C:\\xampp\\htdocs\\krajca\\obce\\app\\Views\\layout\\navbar.php', 10)
 2 SYSTEMPATH\View\View.php(226): include('C:\\xampp\\htdocs\\krajca\\obce\\app\\Views\\layout\\navbar.php')
 3 SYSTEMPATH\View\View.php(229): CodeIgniter\View\View->CodeIgniter\View\{closure}()
 4 SYSTEMPATH\View\View.php(467): CodeIgniter\View\View->render('layout/navbar', null, true)
 5 APPPATH\Views\layout\layout.php(10): CodeIgniter\View\View->include('layout/navbar')
 6 SYSTEMPATH\View\View.php(226): include('C:\\xampp\\htdocs\\krajca\\obce\\app\\Views\\layout\\layout.php')
 7 SYSTEMPATH\View\View.php(229): CodeIgniter\View\View->CodeIgniter\View\{closure}()
 8 SYSTEMPATH\View\View.php(242): CodeIgniter\View\View->render('layout/layout', [], true)
 9 SYSTEMPATH\Common.php(1188): CodeIgniter\View\View->render('zaklad', [], true)
10 APPPATH\Controllers\Main.php(18): view('zaklad', [...])
11 SYSTEMPATH\CodeIgniter.php(919): App\Controllers\Main->index()
12 SYSTEMPATH\CodeIgniter.php(494): CodeIgniter\CodeIgniter->runController(Object(App\Controllers\Main))
13 SYSTEMPATH\CodeIgniter.php(353): CodeIgniter\CodeIgniter->handleRequest(null, Object(Config\Cache), false)
14 FCPATH\index.php(79): CodeIgniter\CodeIgniter->run()
CRITICAL - 2024-05-28 09:08:03 --> Undefined variable $okresy
in APPPATH\Views\layout\navbar.php on line 10.
 1 APPPATH\Views\layout\navbar.php(10): CodeIgniter\Debug\Exceptions->errorHandler(2, 'Undefined variable $okresy', 'C:\\xampp\\htdocs\\krajca\\obce\\app\\Views\\layout\\navbar.php', 10)
 2 SYSTEMPATH\View\View.php(226): include('C:\\xampp\\htdocs\\krajca\\obce\\app\\Views\\layout\\navbar.php')
 3 SYSTEMPATH\View\View.php(229): CodeIgniter\View\View->CodeIgniter\View\{closure}()
 4 SYSTEMPATH\View\View.php(467): CodeIgniter\View\View->render('layout/navbar', null, true)
 5 APPPATH\Views\layout\layout.php(10): CodeIgniter\View\View->include('layout/navbar')
 6 SYSTEMPATH\View\View.php(226): include('C:\\xampp\\htdocs\\krajca\\obce\\app\\Views\\layout\\layout.php')
 7 SYSTEMPATH\View\View.php(229): CodeIgniter\View\View->CodeIgniter\View\{closure}()
 8 SYSTEMPATH\View\View.php(242): CodeIgniter\View\View->render('layout/layout', [], true)
 9 SYSTEMPATH\Common.php(1188): CodeIgniter\View\View->render('zaklad', [], true)
10 APPPATH\Controllers\Main.php(18): view('zaklad', [...])
11 SYSTEMPATH\CodeIgniter.php(919): App\Controllers\Main->index()
12 SYSTEMPATH\CodeIgniter.php(494): CodeIgniter\CodeIgniter->runController(Object(App\Controllers\Main))
13 SYSTEMPATH\CodeIgniter.php(353): CodeIgniter\CodeIgniter->handleRequest(null, Object(Config\Cache), false)
14 FCPATH\index.php(79): CodeIgniter\CodeIgniter->run()
CRITICAL - 2024-05-28 09:08:03 --> Undefined variable $okresy
in APPPATH\Views\layout\navbar.php on line 10.
 1 APPPATH\Views\layout\navbar.php(10): CodeIgniter\Debug\Exceptions->errorHandler(2, 'Undefined variable $okresy', 'C:\\xampp\\htdocs\\krajca\\obce\\app\\Views\\layout\\navbar.php', 10)
 2 SYSTEMPATH\View\View.php(226): include('C:\\xampp\\htdocs\\krajca\\obce\\app\\Views\\layout\\navbar.php')
 3 SYSTEMPATH\View\View.php(229): CodeIgniter\View\View->CodeIgniter\View\{closure}()
 4 SYSTEMPATH\View\View.php(467): CodeIgniter\View\View->render('layout/navbar', null, true)
 5 APPPATH\Views\layout\layout.php(10): CodeIgniter\View\View->include('layout/navbar')
 6 SYSTEMPATH\View\View.php(226): include('C:\\xampp\\htdocs\\krajca\\obce\\app\\Views\\layout\\layout.php')
 7 SYSTEMPATH\View\View.php(229): CodeIgniter\View\View->CodeIgniter\View\{closure}()
 8 SYSTEMPATH\View\View.php(242): CodeIgniter\View\View->render('layout/layout', [], true)
 9 SYSTEMPATH\Common.php(1188): CodeIgniter\View\View->render('zaklad', [], true)
10 APPPATH\Controllers\Main.php(18): view('zaklad', [...])
11 SYSTEMPATH\CodeIgniter.php(919): App\Controllers\Main->index()
12 SYSTEMPATH\CodeIgniter.php(494): CodeIgniter\CodeIgniter->runController(Object(App\Controllers\Main))
13 SYSTEMPATH\CodeIgniter.php(353): CodeIgniter\CodeIgniter->handleRequest(null, Object(Config\Cache), false)
14 FCPATH\index.php(79): CodeIgniter\CodeIgniter->run()
CRITICAL - 2024-05-28 09:08:04 --> Undefined variable $okresy
in APPPATH\Views\layout\navbar.php on line 10.
 1 APPPATH\Views\layout\navbar.php(10): CodeIgniter\Debug\Exceptions->errorHandler(2, 'Undefined variable $okresy', 'C:\\xampp\\htdocs\\krajca\\obce\\app\\Views\\layout\\navbar.php', 10)
 2 SYSTEMPATH\View\View.php(226): include('C:\\xampp\\htdocs\\krajca\\obce\\app\\Views\\layout\\navbar.php')
 3 SYSTEMPATH\View\View.php(229): CodeIgniter\View\View->CodeIgniter\View\{closure}()
 4 SYSTEMPATH\View\View.php(467): CodeIgniter\View\View->render('layout/navbar', null, true)
 5 APPPATH\Views\layout\layout.php(10): CodeIgniter\View\View->include('layout/navbar')
 6 SYSTEMPATH\View\View.php(226): include('C:\\xampp\\htdocs\\krajca\\obce\\app\\Views\\layout\\layout.php')
 7 SYSTEMPATH\View\View.php(229): CodeIgniter\View\View->CodeIgniter\View\{closure}()
 8 SYSTEMPATH\View\View.php(242): CodeIgniter\View\View->render('layout/layout', [], true)
 9 SYSTEMPATH\Common.php(1188): CodeIgniter\View\View->render('zaklad', [], true)
10 APPPATH\Controllers\Main.php(18): view('zaklad', [...])
11 SYSTEMPATH\CodeIgniter.php(919): App\Controllers\Main->index()
12 SYSTEMPATH\CodeIgniter.php(494): CodeIgniter\CodeIgniter->runController(Object(App\Controllers\Main))
13 SYSTEMPATH\CodeIgniter.php(353): CodeIgniter\CodeIgniter->handleRequest(null, Object(Config\Cache), false)
14 FCPATH\index.php(79): CodeIgniter\CodeIgniter->run()
CRITICAL - 2024-05-28 09:08:06 --> Undefined variable $okresy
in APPPATH\Views\layout\navbar.php on line 10.
 1 APPPATH\Views\layout\navbar.php(10): CodeIgniter\Debug\Exceptions->errorHandler(2, 'Undefined variable $okresy', 'C:\\xampp\\htdocs\\krajca\\obce\\app\\Views\\layout\\navbar.php', 10)
 2 SYSTEMPATH\View\View.php(226): include('C:\\xampp\\htdocs\\krajca\\obce\\app\\Views\\layout\\navbar.php')
 3 SYSTEMPATH\View\View.php(229): CodeIgniter\View\View->CodeIgniter\View\{closure}()
 4 SYSTEMPATH\View\View.php(467): CodeIgniter\View\View->render('layout/navbar', null, true)
 5 APPPATH\Views\layout\layout.php(10): CodeIgniter\View\View->include('layout/navbar')
 6 SYSTEMPATH\View\View.php(226): include('C:\\xampp\\htdocs\\krajca\\obce\\app\\Views\\layout\\layout.php')
 7 SYSTEMPATH\View\View.php(229): CodeIgniter\View\View->CodeIgniter\View\{closure}()
 8 SYSTEMPATH\View\View.php(242): CodeIgniter\View\View->render('layout/layout', [], true)
 9 SYSTEMPATH\Common.php(1188): CodeIgniter\View\View->render('zaklad', [], true)
10 APPPATH\Controllers\Main.php(18): view('zaklad', [...])
11 SYSTEMPATH\CodeIgniter.php(919): App\Controllers\Main->index()
12 SYSTEMPATH\CodeIgniter.php(494): CodeIgniter\CodeIgniter->runController(Object(App\Controllers\Main))
13 SYSTEMPATH\CodeIgniter.php(353): CodeIgniter\CodeIgniter->handleRequest(null, Object(Config\Cache), false)
14 FCPATH\index.php(79): CodeIgniter\CodeIgniter->run()
CRITICAL - 2024-05-28 09:08:40 --> Undefined variable $okresy
in APPPATH\Views\layout\navbar.php on line 10.
 1 APPPATH\Views\layout\navbar.php(10): CodeIgniter\Debug\Exceptions->errorHandler(2, 'Undefined variable $okresy', 'C:\\xampp\\htdocs\\krajca\\obce\\app\\Views\\layout\\navbar.php', 10)
 2 SYSTEMPATH\View\View.php(226): include('C:\\xampp\\htdocs\\krajca\\obce\\app\\Views\\layout\\navbar.php')
 3 SYSTEMPATH\View\View.php(229): CodeIgniter\View\View->CodeIgniter\View\{closure}()
 4 SYSTEMPATH\View\View.php(467): CodeIgniter\View\View->render('layout/navbar', null, true)
 5 APPPATH\Views\layout\layout.php(10): CodeIgniter\View\View->include('layout/navbar')
 6 SYSTEMPATH\View\View.php(226): include('C:\\xampp\\htdocs\\krajca\\obce\\app\\Views\\layout\\layout.php')
 7 SYSTEMPATH\View\View.php(229): CodeIgniter\View\View->CodeIgniter\View\{closure}()
 8 SYSTEMPATH\View\View.php(242): CodeIgniter\View\View->render('layout/layout', [], true)
 9 SYSTEMPATH\Common.php(1188): CodeIgniter\View\View->render('zaklad', [], true)
10 APPPATH\Controllers\Main.php(18): view('zaklad', [...])
11 SYSTEMPATH\CodeIgniter.php(919): App\Controllers\Main->index()
12 SYSTEMPATH\CodeIgniter.php(494): CodeIgniter\CodeIgniter->runController(Object(App\Controllers\Main))
13 SYSTEMPATH\CodeIgniter.php(353): CodeIgniter\CodeIgniter->handleRequest(null, Object(Config\Cache), false)
14 FCPATH\index.php(79): CodeIgniter\CodeIgniter->run()
CRITICAL - 2024-05-28 09:08:42 --> Undefined variable $okresy
in APPPATH\Views\layout\navbar.php on line 10.
 1 APPPATH\Views\layout\navbar.php(10): CodeIgniter\Debug\Exceptions->errorHandler(2, 'Undefined variable $okresy', 'C:\\xampp\\htdocs\\krajca\\obce\\app\\Views\\layout\\navbar.php', 10)
 2 SYSTEMPATH\View\View.php(226): include('C:\\xampp\\htdocs\\krajca\\obce\\app\\Views\\layout\\navbar.php')
 3 SYSTEMPATH\View\View.php(229): CodeIgniter\View\View->CodeIgniter\View\{closure}()
 4 SYSTEMPATH\View\View.php(467): CodeIgniter\View\View->render('layout/navbar', null, true)
 5 APPPATH\Views\layout\layout.php(10): CodeIgniter\View\View->include('layout/navbar')
 6 SYSTEMPATH\View\View.php(226): include('C:\\xampp\\htdocs\\krajca\\obce\\app\\Views\\layout\\layout.php')
 7 SYSTEMPATH\View\View.php(229): CodeIgniter\View\View->CodeIgniter\View\{closure}()
 8 SYSTEMPATH\View\View.php(242): CodeIgniter\View\View->render('layout/layout', [], true)
 9 SYSTEMPATH\Common.php(1188): CodeIgniter\View\View->render('zaklad', [], true)
10 APPPATH\Controllers\Main.php(18): view('zaklad', [...])
11 SYSTEMPATH\CodeIgniter.php(919): App\Controllers\Main->index()
12 SYSTEMPATH\CodeIgniter.php(494): CodeIgniter\CodeIgniter->runController(Object(App\Controllers\Main))
13 SYSTEMPATH\CodeIgniter.php(353): CodeIgniter\CodeIgniter->handleRequest(null, Object(Config\Cache), false)
14 FCPATH\index.php(79): CodeIgniter\CodeIgniter->run()
CRITICAL - 2024-05-28 09:16:13 --> Class "Config\MyConfig" not found
in APPPATH\Controllers\Main.php on line 13.
 1 SYSTEMPATH\CodeIgniter.php(891): App\Controllers\Main->__construct()
 2 SYSTEMPATH\CodeIgniter.php(485): CodeIgniter\CodeIgniter->createController()
 3 SYSTEMPATH\CodeIgniter.php(353): CodeIgniter\CodeIgniter->handleRequest(null, Object(Config\Cache), false)
 4 FCPATH\index.php(79): CodeIgniter\CodeIgniter->run()
WARNING - 2024-05-28 09:16:21 --> [DEPRECATED] Creation of dynamic property App\Controllers\Main::$data is deprecated in APPPATH\Controllers\Main.php on line 14.
 1 SYSTEMPATH\CodeIgniter.php(891): App\Controllers\Main->__construct()
 2 SYSTEMPATH\CodeIgniter.php(485): CodeIgniter\CodeIgniter->createController()
 3 SYSTEMPATH\CodeIgniter.php(353): CodeIgniter\CodeIgniter->handleRequest(null, Object(Config\Cache), false)
 4 FCPATH\index.php(79): CodeIgniter\CodeIgniter->run()
WARNING - 2024-05-28 09:16:35 --> [DEPRECATED] Creation of dynamic property App\Controllers\Main::$data is deprecated in APPPATH\Controllers\Main.php on line 14.
 1 SYSTEMPATH\CodeIgniter.php(891): App\Controllers\Main->__construct()
 2 SYSTEMPATH\CodeIgniter.php(485): CodeIgniter\CodeIgniter->createController()
 3 SYSTEMPATH\CodeIgniter.php(353): CodeIgniter\CodeIgniter->handleRequest(null, Object(Config\Cache), false)
 4 FCPATH\index.php(79): CodeIgniter\CodeIgniter->run()
WARNING - 2024-05-28 09:16:36 --> [DEPRECATED] Creation of dynamic property App\Controllers\Main::$data is deprecated in APPPATH\Controllers\Main.php on line 14.
 1 SYSTEMPATH\CodeIgniter.php(891): App\Controllers\Main->__construct()
 2 SYSTEMPATH\CodeIgniter.php(485): CodeIgniter\CodeIgniter->createController()
 3 SYSTEMPATH\CodeIgniter.php(353): CodeIgniter\CodeIgniter->handleRequest(null, Object(Config\Cache), false)
 4 FCPATH\index.php(79): CodeIgniter\CodeIgniter->run()
WARNING - 2024-05-28 09:16:36 --> [DEPRECATED] Creation of dynamic property App\Controllers\Main::$data is deprecated in APPPATH\Controllers\Main.php on line 14.
 1 SYSTEMPATH\CodeIgniter.php(891): App\Controllers\Main->__construct()
 2 SYSTEMPATH\CodeIgniter.php(485): CodeIgniter\CodeIgniter->createController()
 3 SYSTEMPATH\CodeIgniter.php(353): CodeIgniter\CodeIgniter->handleRequest(null, Object(Config\Cache), false)
 4 FCPATH\index.php(79): CodeIgniter\CodeIgniter->run()
WARNING - 2024-05-28 09:16:36 --> [DEPRECATED] Creation of dynamic property App\Controllers\Main::$data is deprecated in APPPATH\Controllers\Main.php on line 14.
 1 SYSTEMPATH\CodeIgniter.php(891): App\Controllers\Main->__construct()
 2 SYSTEMPATH\CodeIgniter.php(485): CodeIgniter\CodeIgniter->createController()
 3 SYSTEMPATH\CodeIgniter.php(353): CodeIgniter\CodeIgniter->handleRequest(null, Object(Config\Cache), false)
 4 FCPATH\index.php(79): CodeIgniter\CodeIgniter->run()
WARNING - 2024-05-28 09:16:37 --> [DEPRECATED] Creation of dynamic property App\Controllers\Main::$data is deprecated in APPPATH\Controllers\Main.php on line 14.
 1 SYSTEMPATH\CodeIgniter.php(891): App\Controllers\Main->__construct()
 2 SYSTEMPATH\CodeIgniter.php(485): CodeIgniter\CodeIgniter->createController()
 3 SYSTEMPATH\CodeIgniter.php(353): CodeIgniter\CodeIgniter->handleRequest(null, Object(Config\Cache), false)
 4 FCPATH\index.php(79): CodeIgniter\CodeIgniter->run()
WARNING - 2024-05-28 09:23:00 --> [DEPRECATED] Creation of dynamic property App\Controllers\Main::$data is deprecated in APPPATH\Controllers\Main.php on line 14.
 1 SYSTEMPATH\CodeIgniter.php(891): App\Controllers\Main->__construct()
 2 SYSTEMPATH\CodeIgniter.php(485): CodeIgniter\CodeIgniter->createController()
 3 SYSTEMPATH\CodeIgniter.php(353): CodeIgniter\CodeIgniter->handleRequest(null, Object(Config\Cache), false)
 4 FCPATH\index.php(79): CodeIgniter\CodeIgniter->run()
WARNING - 2024-05-28 09:23:44 --> [DEPRECATED] Creation of dynamic property App\Controllers\Main::$data is deprecated in APPPATH\Controllers\Main.php on line 14.
 1 SYSTEMPATH\CodeIgniter.php(891): App\Controllers\Main->__construct()
 2 SYSTEMPATH\CodeIgniter.php(485): CodeIgniter\CodeIgniter->createController()
 3 SYSTEMPATH\CodeIgniter.php(353): CodeIgniter\CodeIgniter->handleRequest(null, Object(Config\Cache), false)
 4 FCPATH\index.php(79): CodeIgniter\CodeIgniter->run()
WARNING - 2024-05-28 09:23:46 --> [DEPRECATED] Creation of dynamic property App\Controllers\Main::$data is deprecated in APPPATH\Controllers\Main.php on line 14.
 1 SYSTEMPATH\CodeIgniter.php(891): App\Controllers\Main->__construct()
 2 SYSTEMPATH\CodeIgniter.php(485): CodeIgniter\CodeIgniter->createController()
 3 SYSTEMPATH\CodeIgniter.php(353): CodeIgniter\CodeIgniter->handleRequest(null, Object(Config\Cache), false)
 4 FCPATH\index.php(79): CodeIgniter\CodeIgniter->run()
WARNING - 2024-05-28 09:23:56 --> [DEPRECATED] Creation of dynamic property App\Controllers\Main::$data is deprecated in APPPATH\Controllers\Main.php on line 14.
 1 SYSTEMPATH\CodeIgniter.php(891): App\Controllers\Main->__construct()
 2 SYSTEMPATH\CodeIgniter.php(485): CodeIgniter\CodeIgniter->createController()
 3 SYSTEMPATH\CodeIgniter.php(353): CodeIgniter\CodeIgniter->handleRequest(null, Object(Config\Cache), false)
 4 FCPATH\index.php(79): CodeIgniter\CodeIgniter->run()
WARNING - 2024-05-28 09:24:06 --> [DEPRECATED] Creation of dynamic property App\Controllers\Main::$data is deprecated in APPPATH\Controllers\Main.php on line 14.
 1 SYSTEMPATH\CodeIgniter.php(891): App\Controllers\Main->__construct()
 2 SYSTEMPATH\CodeIgniter.php(485): CodeIgniter\CodeIgniter->createController()
 3 SYSTEMPATH\CodeIgniter.php(353): CodeIgniter\CodeIgniter->handleRequest(null, Object(Config\Cache), false)
 4 FCPATH\index.php(79): CodeIgniter\CodeIgniter->run()
WARNING - 2024-05-28 09:24:07 --> [DEPRECATED] Creation of dynamic property App\Controllers\Main::$data is deprecated in APPPATH\Controllers\Main.php on line 14.
 1 SYSTEMPATH\CodeIgniter.php(891): App\Controllers\Main->__construct()
 2 SYSTEMPATH\CodeIgniter.php(485): CodeIgniter\CodeIgniter->createController()
 3 SYSTEMPATH\CodeIgniter.php(353): CodeIgniter\CodeIgniter->handleRequest(null, Object(Config\Cache), false)
 4 FCPATH\index.php(79): CodeIgniter\CodeIgniter->run()
WARNING - 2024-05-28 09:24:07 --> [DEPRECATED] Creation of dynamic property App\Controllers\Main::$data is deprecated in APPPATH\Controllers\Main.php on line 14.
 1 SYSTEMPATH\CodeIgniter.php(891): App\Controllers\Main->__construct()
 2 SYSTEMPATH\CodeIgniter.php(485): CodeIgniter\CodeIgniter->createController()
 3 SYSTEMPATH\CodeIgniter.php(353): CodeIgniter\CodeIgniter->handleRequest(null, Object(Config\Cache), false)
 4 FCPATH\index.php(79): CodeIgniter\CodeIgniter->run()
WARNING - 2024-05-28 09:24:08 --> [DEPRECATED] Creation of dynamic property App\Controllers\Main::$data is deprecated in APPPATH\Controllers\Main.php on line 14.
 1 SYSTEMPATH\CodeIgniter.php(891): App\Controllers\Main->__construct()
 2 SYSTEMPATH\CodeIgniter.php(485): CodeIgniter\CodeIgniter->createController()
 3 SYSTEMPATH\CodeIgniter.php(353): CodeIgniter\CodeIgniter->handleRequest(null, Object(Config\Cache), false)
 4 FCPATH\index.php(79): CodeIgniter\CodeIgniter->run()
WARNING - 2024-05-28 09:26:24 --> [DEPRECATED] Creation of dynamic property App\Controllers\Main::$data is deprecated in APPPATH\Controllers\Main.php on line 14.
 1 SYSTEMPATH\CodeIgniter.php(891): App\Controllers\Main->__construct()
 2 SYSTEMPATH\CodeIgniter.php(485): CodeIgniter\CodeIgniter->createController()
 3 SYSTEMPATH\CodeIgniter.php(353): CodeIgniter\CodeIgniter->handleRequest(null, Object(Config\Cache), false)
 4 FCPATH\index.php(79): CodeIgniter\CodeIgniter->run()
CRITICAL - 2024-05-28 09:26:24 --> Undefined variable $data
in APPPATH\Controllers\Main.php on line 19.
 1 APPPATH\Controllers\Main.php(19): CodeIgniter\Debug\Exceptions->errorHandler(2, 'Undefined variable $data', 'C:\\xampp\\htdocs\\krajca\\obce\\app\\Controllers\\Main.php', 19)
 2 SYSTEMPATH\CodeIgniter.php(919): App\Controllers\Main->index()
 3 SYSTEMPATH\CodeIgniter.php(494): CodeIgniter\CodeIgniter->runController(Object(App\Controllers\Main))
 4 SYSTEMPATH\CodeIgniter.php(353): CodeIgniter\CodeIgniter->handleRequest(null, Object(Config\Cache), false)
 5 FCPATH\index.php(79): CodeIgniter\CodeIgniter->run()
WARNING - 2024-05-28 09:26:25 --> [DEPRECATED] Creation of dynamic property App\Controllers\Main::$data is deprecated in APPPATH\Controllers\Main.php on line 14.
 1 SYSTEMPATH\CodeIgniter.php(891): App\Controllers\Main->__construct()
 2 SYSTEMPATH\CodeIgniter.php(485): CodeIgniter\CodeIgniter->createController()
 3 SYSTEMPATH\CodeIgniter.php(353): CodeIgniter\CodeIgniter->handleRequest(null, Object(Config\Cache), false)
 4 FCPATH\index.php(79): CodeIgniter\CodeIgniter->run()
CRITICAL - 2024-05-28 09:26:25 --> Undefined variable $data
in APPPATH\Controllers\Main.php on line 19.
 1 APPPATH\Controllers\Main.php(19): CodeIgniter\Debug\Exceptions->errorHandler(2, 'Undefined variable $data', 'C:\\xampp\\htdocs\\krajca\\obce\\app\\Controllers\\Main.php', 19)
 2 SYSTEMPATH\CodeIgniter.php(919): App\Controllers\Main->index()
 3 SYSTEMPATH\CodeIgniter.php(494): CodeIgniter\CodeIgniter->runController(Object(App\Controllers\Main))
 4 SYSTEMPATH\CodeIgniter.php(353): CodeIgniter\CodeIgniter->handleRequest(null, Object(Config\Cache), false)
 5 FCPATH\index.php(79): CodeIgniter\CodeIgniter->run()
WARNING - 2024-05-28 09:26:38 --> [DEPRECATED] Creation of dynamic property App\Controllers\Main::$data is deprecated in APPPATH\Controllers\Main.php on line 14.
 1 SYSTEMPATH\CodeIgniter.php(891): App\Controllers\Main->__construct()
 2 SYSTEMPATH\CodeIgniter.php(485): CodeIgniter\CodeIgniter->createController()
 3 SYSTEMPATH\CodeIgniter.php(353): CodeIgniter\CodeIgniter->handleRequest(null, Object(Config\Cache), false)
 4 FCPATH\index.php(79): CodeIgniter\CodeIgniter->run()
CRITICAL - 2024-05-28 09:26:38 --> Undefined variable $okresy
in APPPATH\Controllers\Main.php on line 19.
 1 APPPATH\Controllers\Main.php(19): CodeIgniter\Debug\Exceptions->errorHandler(2, 'Undefined variable $okresy', 'C:\\xampp\\htdocs\\krajca\\obce\\app\\Controllers\\Main.php', 19)
 2 SYSTEMPATH\CodeIgniter.php(919): App\Controllers\Main->index()
 3 SYSTEMPATH\CodeIgniter.php(494): CodeIgniter\CodeIgniter->runController(Object(App\Controllers\Main))
 4 SYSTEMPATH\CodeIgniter.php(353): CodeIgniter\CodeIgniter->handleRequest(null, Object(Config\Cache), false)
 5 FCPATH\index.php(79): CodeIgniter\CodeIgniter->run()
WARNING - 2024-05-28 09:26:38 --> [DEPRECATED] Creation of dynamic property App\Controllers\Main::$data is deprecated in APPPATH\Controllers\Main.php on line 14.
 1 SYSTEMPATH\CodeIgniter.php(891): App\Controllers\Main->__construct()
 2 SYSTEMPATH\CodeIgniter.php(485): CodeIgniter\CodeIgniter->createController()
 3 SYSTEMPATH\CodeIgniter.php(353): CodeIgniter\CodeIgniter->handleRequest(null, Object(Config\Cache), false)
 4 FCPATH\index.php(79): CodeIgniter\CodeIgniter->run()
CRITICAL - 2024-05-28 09:26:38 --> Undefined variable $okresy
in APPPATH\Controllers\Main.php on line 19.
 1 APPPATH\Controllers\Main.php(19): CodeIgniter\Debug\Exceptions->errorHandler(2, 'Undefined variable $okresy', 'C:\\xampp\\htdocs\\krajca\\obce\\app\\Controllers\\Main.php', 19)
 2 SYSTEMPATH\CodeIgniter.php(919): App\Controllers\Main->index()
 3 SYSTEMPATH\CodeIgniter.php(494): CodeIgniter\CodeIgniter->runController(Object(App\Controllers\Main))
 4 SYSTEMPATH\CodeIgniter.php(353): CodeIgniter\CodeIgniter->handleRequest(null, Object(Config\Cache), false)
 5 FCPATH\index.php(79): CodeIgniter\CodeIgniter->run()
WARNING - 2024-05-28 09:26:39 --> [DEPRECATED] Creation of dynamic property App\Controllers\Main::$data is deprecated in APPPATH\Controllers\Main.php on line 14.
 1 SYSTEMPATH\CodeIgniter.php(891): App\Controllers\Main->__construct()
 2 SYSTEMPATH\CodeIgniter.php(485): CodeIgniter\CodeIgniter->createController()
 3 SYSTEMPATH\CodeIgniter.php(353): CodeIgniter\CodeIgniter->handleRequest(null, Object(Config\Cache), false)
 4 FCPATH\index.php(79): CodeIgniter\CodeIgniter->run()
CRITICAL - 2024-05-28 09:26:39 --> Undefined variable $okresy
in APPPATH\Controllers\Main.php on line 19.
 1 APPPATH\Controllers\Main.php(19): CodeIgniter\Debug\Exceptions->errorHandler(2, 'Undefined variable $okresy', 'C:\\xampp\\htdocs\\krajca\\obce\\app\\Controllers\\Main.php', 19)
 2 SYSTEMPATH\CodeIgniter.php(919): App\Controllers\Main->index()
 3 SYSTEMPATH\CodeIgniter.php(494): CodeIgniter\CodeIgniter->runController(Object(App\Controllers\Main))
 4 SYSTEMPATH\CodeIgniter.php(353): CodeIgniter\CodeIgniter->handleRequest(null, Object(Config\Cache), false)
 5 FCPATH\index.php(79): CodeIgniter\CodeIgniter->run()
WARNING - 2024-05-28 09:26:45 --> [DEPRECATED] Creation of dynamic property App\Controllers\Main::$data is deprecated in APPPATH\Controllers\Main.php on line 14.
 1 SYSTEMPATH\CodeIgniter.php(891): App\Controllers\Main->__construct()
 2 SYSTEMPATH\CodeIgniter.php(485): CodeIgniter\CodeIgniter->createController()
 3 SYSTEMPATH\CodeIgniter.php(353): CodeIgniter\CodeIgniter->handleRequest(null, Object(Config\Cache), false)
 4 FCPATH\index.php(79): CodeIgniter\CodeIgniter->run()
CRITICAL - 2024-05-28 09:26:45 --> Undefined variable $okresy
in APPPATH\Views\layout\navbar.php on line 10.
 1 APPPATH\Views\layout\navbar.php(10): CodeIgniter\Debug\Exceptions->errorHandler(2, 'Undefined variable $okresy', 'C:\\xampp\\htdocs\\krajca\\obce\\app\\Views\\layout\\navbar.php', 10)
 2 SYSTEMPATH\View\View.php(226): include('C:\\xampp\\htdocs\\krajca\\obce\\app\\Views\\layout\\navbar.php')
 3 SYSTEMPATH\View\View.php(229): CodeIgniter\View\View->CodeIgniter\View\{closure}()
 4 SYSTEMPATH\View\View.php(467): CodeIgniter\View\View->render('layout/navbar', null, true)
 5 APPPATH\Views\layout\layout.php(10): CodeIgniter\View\View->include('layout/navbar')
 6 SYSTEMPATH\View\View.php(226): include('C:\\xampp\\htdocs\\krajca\\obce\\app\\Views\\layout\\layout.php')
 7 SYSTEMPATH\View\View.php(229): CodeIgniter\View\View->CodeIgniter\View\{closure}()
 8 SYSTEMPATH\View\View.php(242): CodeIgniter\View\View->render('layout/layout', [], true)
 9 SYSTEMPATH\Common.php(1188): CodeIgniter\View\View->render('indexx', [], true)
10 APPPATH\Controllers\Main.php(19): view('indexx')
11 SYSTEMPATH\CodeIgniter.php(919): App\Controllers\Main->index()
12 SYSTEMPATH\CodeIgniter.php(494): CodeIgniter\CodeIgniter->runController(Object(App\Controllers\Main))
13 SYSTEMPATH\CodeIgniter.php(353): CodeIgniter\CodeIgniter->handleRequest(null, Object(Config\Cache), false)
14 FCPATH\index.php(79): CodeIgniter\CodeIgniter->run()
WARNING - 2024-05-28 09:26:46 --> [DEPRECATED] Creation of dynamic property App\Controllers\Main::$data is deprecated in APPPATH\Controllers\Main.php on line 14.
 1 SYSTEMPATH\CodeIgniter.php(891): App\Controllers\Main->__construct()
 2 SYSTEMPATH\CodeIgniter.php(485): CodeIgniter\CodeIgniter->createController()
 3 SYSTEMPATH\CodeIgniter.php(353): CodeIgniter\CodeIgniter->handleRequest(null, Object(Config\Cache), false)
 4 FCPATH\index.php(79): CodeIgniter\CodeIgniter->run()
CRITICAL - 2024-05-28 09:26:46 --> Undefined variable $okresy
in APPPATH\Views\layout\navbar.php on line 10.
 1 APPPATH\Views\layout\navbar.php(10): CodeIgniter\Debug\Exceptions->errorHandler(2, 'Undefined variable $okresy', 'C:\\xampp\\htdocs\\krajca\\obce\\app\\Views\\layout\\navbar.php', 10)
 2 SYSTEMPATH\View\View.php(226): include('C:\\xampp\\htdocs\\krajca\\obce\\app\\Views\\layout\\navbar.php')
 3 SYSTEMPATH\View\View.php(229): CodeIgniter\View\View->CodeIgniter\View\{closure}()
 4 SYSTEMPATH\View\View.php(467): CodeIgniter\View\View->render('layout/navbar', null, true)
 5 APPPATH\Views\layout\layout.php(10): CodeIgniter\View\View->include('layout/navbar')
 6 SYSTEMPATH\View\View.php(226): include('C:\\xampp\\htdocs\\krajca\\obce\\app\\Views\\layout\\layout.php')
 7 SYSTEMPATH\View\View.php(229): CodeIgniter\View\View->CodeIgniter\View\{closure}()
 8 SYSTEMPATH\View\View.php(242): CodeIgniter\View\View->render('layout/layout', [], true)
 9 SYSTEMPATH\Common.php(1188): CodeIgniter\View\View->render('indexx', [], true)
10 APPPATH\Controllers\Main.php(19): view('indexx')
11 SYSTEMPATH\CodeIgniter.php(919): App\Controllers\Main->index()
12 SYSTEMPATH\CodeIgniter.php(494): CodeIgniter\CodeIgniter->runController(Object(App\Controllers\Main))
13 SYSTEMPATH\CodeIgniter.php(353): CodeIgniter\CodeIgniter->handleRequest(null, Object(Config\Cache), false)
14 FCPATH\index.php(79): CodeIgniter\CodeIgniter->run()
WARNING - 2024-05-28 09:26:46 --> [DEPRECATED] Creation of dynamic property App\Controllers\Main::$data is deprecated in APPPATH\Controllers\Main.php on line 14.
 1 SYSTEMPATH\CodeIgniter.php(891): App\Controllers\Main->__construct()
 2 SYSTEMPATH\CodeIgniter.php(485): CodeIgniter\CodeIgniter->createController()
 3 SYSTEMPATH\CodeIgniter.php(353): CodeIgniter\CodeIgniter->handleRequest(null, Object(Config\Cache), false)
 4 FCPATH\index.php(79): CodeIgniter\CodeIgniter->run()
CRITICAL - 2024-05-28 09:26:46 --> Undefined variable $okresy
in APPPATH\Views\layout\navbar.php on line 10.
 1 APPPATH\Views\layout\navbar.php(10): CodeIgniter\Debug\Exceptions->errorHandler(2, 'Undefined variable $okresy', 'C:\\xampp\\htdocs\\krajca\\obce\\app\\Views\\layout\\navbar.php', 10)
 2 SYSTEMPATH\View\View.php(226): include('C:\\xampp\\htdocs\\krajca\\obce\\app\\Views\\layout\\navbar.php')
 3 SYSTEMPATH\View\View.php(229): CodeIgniter\View\View->CodeIgniter\View\{closure}()
 4 SYSTEMPATH\View\View.php(467): CodeIgniter\View\View->render('layout/navbar', null, true)
 5 APPPATH\Views\layout\layout.php(10): CodeIgniter\View\View->include('layout/navbar')
 6 SYSTEMPATH\View\View.php(226): include('C:\\xampp\\htdocs\\krajca\\obce\\app\\Views\\layout\\layout.php')
 7 SYSTEMPATH\View\View.php(229): CodeIgniter\View\View->CodeIgniter\View\{closure}()
 8 SYSTEMPATH\View\View.php(242): CodeIgniter\View\View->render('layout/layout', [], true)
 9 SYSTEMPATH\Common.php(1188): CodeIgniter\View\View->render('indexx', [], true)
10 APPPATH\Controllers\Main.php(19): view('indexx')
11 SYSTEMPATH\CodeIgniter.php(919): App\Controllers\Main->index()
12 SYSTEMPATH\CodeIgniter.php(494): CodeIgniter\CodeIgniter->runController(Object(App\Controllers\Main))
13 SYSTEMPATH\CodeIgniter.php(353): CodeIgniter\CodeIgniter->handleRequest(null, Object(Config\Cache), false)
14 FCPATH\index.php(79): CodeIgniter\CodeIgniter->run()
WARNING - 2024-05-28 09:26:47 --> [DEPRECATED] Creation of dynamic property App\Controllers\Main::$data is deprecated in APPPATH\Controllers\Main.php on line 14.
 1 SYSTEMPATH\CodeIgniter.php(891): App\Controllers\Main->__construct()
 2 SYSTEMPATH\CodeIgniter.php(485): CodeIgniter\CodeIgniter->createController()
 3 SYSTEMPATH\CodeIgniter.php(353): CodeIgniter\CodeIgniter->handleRequest(null, Object(Config\Cache), false)
 4 FCPATH\index.php(79): CodeIgniter\CodeIgniter->run()
CRITICAL - 2024-05-28 09:26:47 --> Undefined variable $okresy
in APPPATH\Views\layout\navbar.php on line 10.
 1 APPPATH\Views\layout\navbar.php(10): CodeIgniter\Debug\Exceptions->errorHandler(2, 'Undefined variable $okresy', 'C:\\xampp\\htdocs\\krajca\\obce\\app\\Views\\layout\\navbar.php', 10)
 2 SYSTEMPATH\View\View.php(226): include('C:\\xampp\\htdocs\\krajca\\obce\\app\\Views\\layout\\navbar.php')
 3 SYSTEMPATH\View\View.php(229): CodeIgniter\View\View->CodeIgniter\View\{closure}()
 4 SYSTEMPATH\View\View.php(467): CodeIgniter\View\View->render('layout/navbar', null, true)
 5 APPPATH\Views\layout\layout.php(10): CodeIgniter\View\View->include('layout/navbar')
 6 SYSTEMPATH\View\View.php(226): include('C:\\xampp\\htdocs\\krajca\\obce\\app\\Views\\layout\\layout.php')
 7 SYSTEMPATH\View\View.php(229): CodeIgniter\View\View->CodeIgniter\View\{closure}()
 8 SYSTEMPATH\View\View.php(242): CodeIgniter\View\View->render('layout/layout', [], true)
 9 SYSTEMPATH\Common.php(1188): CodeIgniter\View\View->render('indexx', [], true)
10 APPPATH\Controllers\Main.php(19): view('indexx')
11 SYSTEMPATH\CodeIgniter.php(919): App\Controllers\Main->index()
12 SYSTEMPATH\CodeIgniter.php(494): CodeIgniter\CodeIgniter->runController(Object(App\Controllers\Main))
13 SYSTEMPATH\CodeIgniter.php(353): CodeIgniter\CodeIgniter->handleRequest(null, Object(Config\Cache), false)
14 FCPATH\index.php(79): CodeIgniter\CodeIgniter->run()
